<?xml version="1.0" encoding="UTF-8"?>
<testsuite xmlns:xsi="http://www.w3.org/2001/XMLSchema-instance" xsi:noNamespaceSchemaLocation="https://maven.apache.org/surefire/maven-surefire-plugin/xsd/surefire-test-report.xsd" name="utils.expressionConverter.ReplaceExpressionPlaceholders" time="0.027" tests="3" errors="0" skipped="0" failures="0">
  <properties>
[...]
</properties>
  <testcase name="MustReplaceAWithTrueInExpression" classname="utils.expressionConverter.ReplaceExpressionPlaceholders" time="0.019"/>
  <testcase name="MustReplaceAWithTrueAndBWithFalseInExpression" classname="utils.expressionConverter.ReplaceExpressionPlaceholders" time="0"/>
  <testcase name="MustReplaceATwiceWithTrueAndBWithFalseInExpression" classname="utils.expressionConverter.ReplaceExpressionPlaceholders" time="0"/>
</testsuite>